<?xml version="1.0" encoding="UTF-8"?>
<!-- Generated by org.testng.reporters.JUnitReportReporter -->
<testsuite hostname="Vatturi" failures="0" tests="4" name="automation.login" time="16.985" errors="0" timestamp="2023-12-04T05:10:16 IST" skipped="0">
  <testcase classname="automation.login" name="verifywithlogincredentials" time="5.360"/>
  <testcase classname="automation.login" name="verifywithlogincredentials" time="3.477"/>
  <testcase classname="automation.login" name="verifywithinvalidlogincredentials" time="3.400"/>
  <testcase classname="automation.login" name="verifywithvalidemailidandinvalidpassword" time="4.748"/>
</testsuite> <!-- automation.login -->
