<?xml version="1.0" encoding="UTF-8"?>
<!-- Generated by org.testng.reporters.JUnitReportReporter -->
<testsuite hostname="Vatturi" failures="0" tests="2" name="automation.search" time="11.321" errors="0" timestamp="2023-11-23T16:38:00 IST" skipped="0">
  <testcase classname="automation.search" name="searchforhplaptop" time="6.301"/>
  <testcase classname="automation.search" name="searchfornonexistingitem" time="5.020"/>
</testsuite> <!-- automation.search -->
