<?xml version="1.0" encoding="UTF-8"?>
<!-- Generated by org.testng.reporters.JUnitReportReporter -->
<testsuite hostname="Vatturi" failures="0" tests="5" name="automation.cart" time="35.886" errors="0" timestamp="2023-11-23T16:38:52 IST" skipped="0">
  <testcase classname="automation.cart" name="verifyAdddingMacbookfromhomepage" time="10.992"/>
  <testcase classname="automation.cart" name="verifyIncreasingQuantitywithinCart" time="5.987"/>
  <testcase classname="automation.cart" name="VerifyEnteringInvalidCoupon" time="5.222"/>
  <testcase classname="automation.cart" name="VerifyCheckoutwithoutLogin" time="8.617"/>
  <testcase classname="automation.cart" name="VerifyabortCartpage" time="5.068"/>
</testsuite> <!-- automation.cart -->
