<?xml version="1.0" encoding="UTF-8"?>
<!-- Generated by org.testng.reporters.JUnitReportReporter -->
<testsuite hostname="Vatturi" failures="0" tests="1" name="experiment.Registration" time="6.118" errors="0" timestamp="2023-12-05T03:26:13 IST" skipped="0">
  <testcase classname="experiment.Registration" name="verifywithnulllemail" time="6.118"/>
</testsuite> <!-- experiment.Registration -->
