<?xml version="1.0" encoding="UTF-8"?>
<!-- Generated by org.testng.reporters.JUnitReportReporter -->
<testsuite hostname="Vatturi" failures="0" tests="2" name="automation.SearchTest" time="10.581" errors="0" timestamp="2023-12-17T14:55:24 IST" skipped="0">
  <testcase classname="automation.SearchTest" name="searchforhplaptop" time="4.011"/>
  <testcase classname="automation.SearchTest" name="searchfornonexistingitem" time="6.570"/>
</testsuite> <!-- automation.SearchTest -->
