<?xml version="1.0" encoding="UTF-8"?>
<!-- Generated by org.testng.reporters.JUnitReportReporter -->
<testsuite hostname="Vatturi" failures="0" tests="4" name="automation.LoginTest" time="45.218" errors="0" timestamp="2023-12-17T14:55:24 IST" skipped="0">
  <testcase classname="automation.LoginTest" name="verifywithlogincredentials" time="5.025"/>
  <testcase classname="automation.LoginTest" name="verifywithlogincredentials" time="25.896"/>
  <testcase classname="automation.LoginTest" name="verifywithinvalidlogincredentials" time="8.508"/>
  <testcase classname="automation.LoginTest" name="verifywithvalidemailidandinvalidpassword" time="5.789"/>
</testsuite> <!-- automation.LoginTest -->
