<?xml version="1.0" encoding="UTF-8"?>
<!-- Generated by org.testng.reporters.JUnitReportReporter -->
<testsuite hostname="Vatturi" failures="0" tests="5" name="automation.CartTest" time="55.187" errors="0" timestamp="2023-12-17T14:55:24 IST" skipped="0">
  <testcase classname="automation.CartTest" name="verifyAdddingMacbookfromhomepage" time="17.052"/>
  <testcase classname="automation.CartTest" name="verifyIncreasingQuantitywithinCart" time="17.817"/>
  <testcase classname="automation.CartTest" name="VerifyEnteringInvalidCoupon" time="7.175"/>
  <testcase classname="automation.CartTest" name="VerifyCheckoutwithoutLogin" time="6.122"/>
  <testcase classname="automation.CartTest" name="VerifyabortCartpage" time="7.021"/>
</testsuite> <!-- automation.CartTest -->
